Arguments: 
  /usr/bin/nodejs /usr/share/yarn/bin/yarn.js install

PATH: 
  /home/vagrant/.composer/vendor/bin:/home/vagrant/bin:/home/vagrant/.local/bin:/usr/local/sbin:/usr/local/bin:/usr/sbin:/usr/bin:/sbin:/bin:/usr/games:/usr/local/games:/snap/bin

Yarn version: 
  0.18.1

Node version: 
  6.9.1

Platform: 
  linux x64

npm manifest: 
  {
    "private": true,
    "devDependencies": {
      "gulp": "^3.8.8"
    },
    "dependencies": {
      "bootstrap-sass": "^3.0.0",
      "laravel-elixir": "^4.0.0"
    },
    "name": "sample",
    "version": "1.0.0",
    "main": "index.js",
    "repository": "git@github.com:GKadima/sample.git",
    "author": "kadima <976332214@qq.com>",
    "license": "MIT"
  }

yarn manifest: 
  No manifest

Lockfile: 
  No lockfile

Trace: 
  Error: EPROTO: protocol error, symlink '../../../babylon/bin/babylon.js' -> '/home/vagrant/Code/sample/node_modules/babel-core/node_modules/.bin/babylon'
      at Error (native)
